# JRE version: OpenJDK Runtime Environment Temurin-17.0.3+7 (17.0.3+7) (build 17.0.3+7)
# Java VM: OpenJDK 64-Bit Server VM Temurin-17.0.3+7 (17.0.3+7, mixed mode, emulated-client, tiered, compressed oops, compressed class ptrs, g1 gc, windows-amd64)
GC Precious Log:
 CPUs: 6 total, 6 available
 Memory: 16306M
 Large Page Support: Disabled
 NUMA Support: Disabled
 Compressed Oops: Enabled (Zero based)
 Heap Region Size: 2M
 Heap Min Capacity: 8M
 Heap Initial Capacity: 256M
 Heap Max Capacity: 4078M
 Pre-touch: Disabled
 Parallel Workers: 6
 Concurrent Workers: 2
 Concurrent Refinement Workers: 6
 Periodic GC: Disabled
Heap:
 garbage-first heap   total 933888K, used 200181K [0x0000000701200000, 0x0000000800000000)
  region size 2048K, 24 young (49152K), 24 survivors (49152K)
 Metaspace       used 44488K, committed 44800K, reserved 1089536K
  class space    used 5462K, committed 5632K, reserved 1048576K
GC Heap History (20 events):
Event: 3.015 GC heap after
{Heap after GC invocations=13 (full 0):
 garbage-first heap   total 155648K, used 62176K [0x0000000701200000, 0x0000000800000000)
  region size 2048K, 4 young (8192K), 4 survivors (8192K)
 Metaspace       used 36610K, committed 36864K, reserved 1081344K
  class space    used 4678K, committed 4800K, reserved 1048576K
}
Event: 3.016 GC heap before
{Heap before GC invocations=13 (full 0):
 garbage-first heap   total 155648K, used 62176K [0x0000000701200000, 0x0000000800000000)
  region size 2048K, 5 young (10240K), 4 survivors (8192K)
 Metaspace       used 36610K, committed 36864K, reserved 1081344K
  class space    used 4678K, committed 4800K, reserved 1048576K
}
Event: 3.028 GC heap after
{Heap after GC invocations=14 (full 0):
 garbage-first heap   total 311296K, used 62842K [0x0000000701200000, 0x0000000800000000)
  region size 2048K, 1 young (2048K), 1 survivors (2048K)
 Metaspace       used 36610K, committed 36864K, reserved 1081344K
  class space    used 4678K, committed 4800K, reserved 1048576K
}
Event: 3.099 GC heap before
{Heap before GC invocations=14 (full 0):
 garbage-first heap   total 311296K, used 187770K [0x0000000701200000, 0x0000000800000000)
  region size 2048K, 63 young (129024K), 1 survivors (2048K)
 Metaspace       used 37067K, committed 37376K, reserved 1089536K
  class space    used 4693K, committed 4864K, reserved 1048576K
}
Event: 3.102 GC heap after
{Heap after GC invocations=15 (full 0):
 garbage-first heap   total 311296K, used 67047K [0x0000000701200000, 0x0000000800000000)
  region size 2048K, 3 young (6144K), 3 survivors (6144K)
 Metaspace       used 37067K, committed 37376K, reserved 1089536K
  class space    used 4693K, committed 4864K, reserved 1048576K
}
Event: 3.164 GC heap before
{Heap before GC invocations=16 (full 0):
 garbage-first heap   total 311296K, used 216551K [0x0000000701200000, 0x0000000800000000)
  region size 2048K, 77 young (157696K), 3 survivors (6144K)
 Metaspace       used 37161K, committed 37440K, reserved 1089536K
  class space    used 4698K, committed 4864K, reserved 1048576K
}
Event: 3.168 GC heap after
{Heap after GC invocations=17 (full 0):
 garbage-first heap   total 311296K, used 72666K [0x0000000701200000, 0x0000000800000000)
  region size 2048K, 6 young (12288K), 6 survivors (12288K)
 Metaspace       used 37161K, committed 37440K, reserved 1089536K
  class space    used 4698K, committed 4864K, reserved 1048576K
}
Event: 3.200 GC heap before
{Heap before GC invocations=17 (full 0):
 garbage-first heap   total 311296K, used 226266K [0x0000000701200000, 0x0000000800000000)
  region size 2048K, 82 young (167936K), 6 survivors (12288K)
 Metaspace       used 37296K, committed 37632K, reserved 1089536K
  class space    used 4714K, committed 4864K, reserved 1048576K
}
Event: 3.206 GC heap after
{Heap after GC invocations=18 (full 0):
 garbage-first heap   total 311296K, used 81883K [0x0000000701200000, 0x0000000800000000)
  region size 2048K, 10 young (20480K), 10 survivors (20480K)
 Metaspace       used 37296K, committed 37632K, reserved 1089536K
  class space    used 4714K, committed 4864K, reserved 1048576K
}
Event: 3.237 GC heap before
{Heap before GC invocations=18 (full 0):
 garbage-first heap   total 311296K, used 233435K [0x0000000701200000, 0x0000000800000000)
  region size 2048K, 86 young (176128K), 10 survivors (20480K)
 Metaspace       used 37296K, committed 37632K, reserved 1089536K
  class space    used 4714K, committed 4864K, reserved 1048576K
}
Event: 3.244 GC heap after
{Heap after GC invocations=19 (full 0):
 garbage-first heap   total 311296K, used 88886K [0x0000000701200000, 0x0000000800000000)
  region size 2048K, 9 young (18432K), 9 survivors (18432K)
 Metaspace       used 37296K, committed 37632K, reserved 1089536K
  class space    used 4714K, committed 4864K, reserved 1048576K
}
Event: 3.273 GC heap before
{Heap before GC invocations=19 (full 0):
 garbage-first heap   total 311296K, used 238390K [0x0000000701200000, 0x0000000800000000)
  region size 2048K, 83 young (169984K), 9 survivors (18432K)
 Metaspace       used 37662K, committed 37952K, reserved 1089536K
  class space    used 4748K, committed 4864K, reserved 1048576K
}
Event: 3.281 GC heap after
{Heap after GC invocations=20 (full 0):
 garbage-first heap   total 933888K, used 93356K [0x0000000701200000, 0x0000000800000000)
  region size 2048K, 7 young (14336K), 7 survivors (14336K)
 Metaspace       used 37662K, committed 37952K, reserved 1089536K
  class space    used 4748K, committed 4864K, reserved 1048576K
}
Event: 3.440 GC heap before
{Heap before GC invocations=20 (full 0):
 garbage-first heap   total 933888K, used 636076K [0x0000000701200000, 0x0000000800000000)
  region size 2048K, 273 young (559104K), 7 survivors (14336K)
 Metaspace       used 37943K, committed 38272K, reserved 1089536K
  class space    used 4779K, committed 4928K, reserved 1048576K
}
Event: 3.453 GC heap after
{Heap after GC invocations=21 (full 0):
 garbage-first heap   total 933888K, used 116812K [0x0000000701200000, 0x0000000800000000)
  region size 2048K, 19 young (38912K), 19 survivors (38912K)
 Metaspace       used 37943K, committed 38272K, reserved 1089536K
  class space    used 4779K, committed 4928K, reserved 1048576K
}
Event: 3.706 GC heap before
{Heap before GC invocations=21 (full 0):
 garbage-first heap   total 933888K, used 634956K [0x0000000701200000, 0x0000000800000000)
  region size 2048K, 273 young (559104K), 19 survivors (38912K)
 Metaspace       used 40223K, committed 40512K, reserved 1089536K
  class space    used 4972K, committed 5120K, reserved 1048576K
}
Event: 3.727 GC heap after
{Heap after GC invocations=22 (full 0):
 garbage-first heap   total 933888K, used 150447K [0x0000000701200000, 0x0000000800000000)
  region size 2048K, 32 young (65536K), 32 survivors (65536K)
 Metaspace       used 40223K, committed 40512K, reserved 1089536K
  class space    used 4972K, committed 5120K, reserved 1048576K
}
Event: 4.037 GC heap before
{Heap before GC invocations=22 (full 0):
 garbage-first heap   total 933888K, used 641967K [0x0000000701200000, 0x0000000800000000)
  region size 2048K, 273 young (559104K), 32 survivors (65536K)
 Metaspace       used 42226K, committed 42560K, reserved 1089536K
  class space    used 5211K, committed 5376K, reserved 1048576K
}
Event: 4.057 GC heap after
{Heap after GC invocations=23 (full 0):
 garbage-first heap   total 933888K, used 174938K [0x0000000701200000, 0x0000000800000000)
  region size 2048K, 29 young (59392K), 29 survivors (59392K)
 Metaspace       used 42226K, committed 42560K, reserved 1089536K
  class space    used 5211K, committed 5376K, reserved 1048576K
}
Event: 4.338 GC heap before
{Heap before GC invocations=23 (full 0):
 garbage-first heap   total 933888K, used 672602K [0x0000000701200000, 0x0000000800000000)
  region size 2048K, 273 young (559104K), 29 survivors (59392K)
 Metaspace       used 44488K, committed 44800K, reserved 1089536K
  class space    used 5462K, committed 5632K, reserved 1048576K
}

